\BOOKMARK [0][-]{chapter.1}{Chapter 1:Constraint Satisfaction Problem}{}% 1
\BOOKMARK [1][-]{section.1.1}{Constraint Satisfaction Problem }{chapter.1}% 2
\BOOKMARK [1][-]{section.1.2}{Basic terms about CSP:}{chapter.1}% 3
\BOOKMARK [2][-]{subsection.1.2.1}{Node Consistency}{section.1.2}% 4
\BOOKMARK [1][-]{section.1.3}{Arc Consistency Algorithm\(AC-3\)}{chapter.1}% 5
\BOOKMARK [1][-]{section.1.4}{Path consistency}{chapter.1}% 6
\BOOKMARK [1][-]{section.1.5}{Backtracking}{chapter.1}% 7
\BOOKMARK [2][-]{subsection.1.5.1}{Improving backtracking efficiency}{section.1.5}% 8
\BOOKMARK [2][-]{subsection.1.5.2}{Forward checking}{section.1.5}% 9
\BOOKMARK [2][-]{subsection.1.5.3}{Arc consistency}{section.1.5}% 10
\BOOKMARK [1][-]{section.1.6}{Structure}{chapter.1}% 11
\BOOKMARK [2][-]{subsection.1.6.1}{Tree-structure CSPs}{section.1.6}% 12
\BOOKMARK [2][-]{subsection.1.6.2}{Algorithm for tree-structured CSPs}{section.1.6}% 13
\BOOKMARK [2][-]{subsection.1.6.3}{Nearly tree-structured CSPs}{section.1.6}% 14
\BOOKMARK [1][-]{section.1.7}{Local Search for CSPs}{chapter.1}% 15
\BOOKMARK [2][-]{subsection.1.7.1}{Min-Conflict Algorithms}{section.1.7}% 16
\BOOKMARK [0][-]{chapter.2}{Chapter 2:Uncertainty}{}% 17
\BOOKMARK [1][-]{section.2.1}{Uncertainty}{chapter.2}% 18
\BOOKMARK [0][-]{chapter.3}{Presenting Information}{}% 19
\BOOKMARK [1][-]{section.3.1}{Table}{chapter.3}% 20
\BOOKMARK [1][-]{section.3.2}{Figure}{chapter.3}% 21
\BOOKMARK [0][-]{chapter*.2}{Bibliography}{}% 22
\BOOKMARK [1][-]{section*.3}{Books}{chapter*.2}% 23
\BOOKMARK [1][-]{section*.4}{Articles}{chapter*.2}% 24
\BOOKMARK [0][-]{section*.5}{Index}{}% 25
